[2022-09-06 01:15:06.607] [exthost] [info] Extension host with pid 8587 started
[2022-09-06 01:15:07.880] [exthost] [info] ExtensionService#_doActivateExtension vscode.microsoft-authentication, startup: false, activationEvent: 'onAuthenticationRequest:microsoft'
[2022-09-06 01:15:08.548] [exthost] [info] ExtensionService#_doActivateExtension vscode.debug-auto-launch, startup: true, activationEvent: '*'
[2022-09-06 01:15:08.578] [exthost] [info] ExtensionService#_doActivateExtension vscode.git-base, startup: true, activationEvent: '*', root cause: vscode.git
[2022-09-06 01:15:08.613] [exthost] [info] ExtensionService#_doActivateExtension vscode.ipynb, startup: true, activationEvent: '*'
[2022-09-06 01:15:08.896] [exthost] [info] ExtensionService#_doActivateExtension vscode.git, startup: true, activationEvent: '*'
[2022-09-06 01:15:09.376] [exthost] [info] ExtensionService#_doActivateExtension vscode.github, startup: true, activationEvent: '*'
[2022-09-06 01:15:09.697] [exthost] [info] Eager extensions activated
[2022-09-06 01:15:09.699] [exthost] [info] ExtensionService#_doActivateExtension vscode.github-authentication, startup: false, activationEvent: 'onAuthenticationRequest:github'
[2022-09-06 01:15:09.963] [exthost] [info] ExtensionService#_doActivateExtension vscode.emmet, startup: false, activationEvent: 'onStartupFinished'
[2022-09-06 01:15:10.111] [exthost] [info] ExtensionService#_doActivateExtension vscode.merge-conflict, startup: false, activationEvent: 'onStartupFinished'
[2022-09-06 01:15:31.833] [exthost] [info] ExtensionService#_doActivateExtension vscode.configuration-editing, startup: false, activationEvent: 'onLanguage:jsonc'
[2022-09-06 01:15:31.853] [exthost] [info] ExtensionService#_doActivateExtension vscode.json-language-features, startup: false, activationEvent: 'onLanguage:jsonc'
[2022-09-06 01:15:32.265] [exthost] [info] ExtensionService#_doActivateExtension vscode.typescript-language-features, startup: false, activationEvent: 'onLanguage:jsonc'
[2022-09-06 01:19:56.329] [exthost] [info] Extension host terminating: received terminate message from renderer
[2022-09-06 01:19:56.402] [exthost] [info] Extension host with pid 8587 exiting with code 0
[2022-09-06 01:20:05.363] [exthost] [info] Extension host with pid 8717 started
[2022-09-06 01:20:05.363] [exthost] [info] Skipping acquiring lock for /home/musaabdel19/.config/Code/User/workspaceStorage/523037c84bcbfdbf30f627fe7cbb9bbb.
[2022-09-06 01:20:05.927] [exthost] [info] ExtensionService#_doActivateExtension vscode.microsoft-authentication, startup: false, activationEvent: 'onAuthenticationRequest:microsoft'
[2022-09-06 01:20:06.046] [exthost] [info] ExtensionService#_doActivateExtension vscode.debug-auto-launch, startup: true, activationEvent: '*'
[2022-09-06 01:20:06.064] [exthost] [info] ExtensionService#_doActivateExtension vscode.git-base, startup: true, activationEvent: '*'
[2022-09-06 01:20:06.103] [exthost] [info] ExtensionService#_doActivateExtension vscode.ipynb, startup: true, activationEvent: '*'
[2022-09-06 01:20:06.418] [exthost] [info] ExtensionService#_doActivateExtension vscode.github, startup: true, activationEvent: '*'
[2022-09-06 01:20:06.498] [exthost] [info] Eager extensions activated
[2022-09-06 01:20:06.526] [exthost] [info] ExtensionService#_doActivateExtension vscode.emmet, startup: false, activationEvent: 'onStartupFinished'
[2022-09-06 01:20:06.586] [exthost] [info] ExtensionService#_doActivateExtension vscode.merge-conflict, startup: false, activationEvent: 'onStartupFinished'
[2022-09-06 01:20:06.758] [exthost] [info] ExtensionService#_doActivateExtension vscode.github-authentication, startup: false, activationEvent: 'onAuthenticationRequest:github'
[2022-09-06 01:20:09.073] [exthost] [info] ExtensionService#_doActivateExtension vscode.git, startup: false, activationEvent: 'api', root cause: vscode.github
[2022-09-06 01:20:48.436] [exthost] [info] ExtensionService#_doActivateExtension ms-vscode.cpptools, startup: false, activationEvent: 'onLanguage:cpp'
[2022-09-06 01:24:26.403] [exthost] [info] ExtensionService#_doActivateExtension vscode.grunt, startup: false, activationEvent: 'onTaskType:grunt'
[2022-09-06 01:24:26.456] [exthost] [info] ExtensionService#_doActivateExtension vscode.gulp, startup: false, activationEvent: 'onTaskType:gulp'
[2022-09-06 01:24:26.478] [exthost] [info] ExtensionService#_doActivateExtension vscode.jake, startup: false, activationEvent: 'onTaskType:jake'
[2022-09-06 01:24:26.496] [exthost] [info] ExtensionService#_doActivateExtension vscode.npm, startup: false, activationEvent: 'onTaskType:npm'
[2022-09-06 01:24:26.648] [exthost] [info] ExtensionService#_doActivateExtension vscode.typescript-language-features, startup: false, activationEvent: 'onTaskType:typescript'
[2022-09-06 01:24:35.309] [exthost] [info] ExtensionService#_doActivateExtension vscode.configuration-editing, startup: false, activationEvent: 'onLanguage:jsonc'
[2022-09-06 01:24:35.340] [exthost] [info] ExtensionService#_doActivateExtension vscode.json-language-features, startup: false, activationEvent: 'onLanguage:jsonc'
[2022-09-06 01:30:58.185] [exthost] [info] Extension host terminating: received terminate message from renderer
[2022-09-06 01:30:58.501] [exthost] [info] Extension host with pid 8717 exiting with code 0
