[2022-09-06T19:50:12.783Z] Log level: Info
[2022-09-06T19:50:12.789Z] [info] Validating found git in: git
[2022-09-06T19:50:12.935Z] [info] Using git 2.30.2 from git
[2022-09-06T19:50:13.011Z] > git rev-parse --show-toplevel [24ms]
[2022-09-06T19:50:13.055Z] > git rev-parse --git-dir --git-common-dir [25ms]
[2022-09-06T19:50:13.105Z] [info] Open repository: /home/musaabdel19/Code/cpp/HelloWorld
[2022-09-06T19:50:13.223Z] > git status -z -uall [63ms]
[2022-09-06T19:50:13.363Z] > git symbolic-ref --short HEAD [116ms]
[2022-09-06T19:50:13.397Z] > git for-each-ref --format=%(refname)%00%(upstream:short)%00%(objectname)%00%(upstream:track)%00%(upstream:remotename)%00%(upstream:remoteref) refs/heads/master refs/remotes/master [18ms]
[2022-09-06T19:50:13.511Z] > git for-each-ref --sort -committerdate --format %(refname) %(objectname) %(*objectname) [82ms]
[2022-09-06T19:50:13.550Z] > git remote --verbose [67ms]
[2022-09-06T19:50:13.654Z] > git config --get commit.template [26ms]
[2022-09-06T19:50:13.722Z] > git status -z -uall [25ms]
[2022-09-06T19:50:13.745Z] > git symbolic-ref --short HEAD [14ms]
[2022-09-06T19:50:13.783Z] > git for-each-ref --format=%(refname)%00%(upstream:short)%00%(objectname)%00%(upstream:track)%00%(upstream:remotename)%00%(upstream:remoteref) refs/heads/master refs/remotes/master [28ms]
[2022-09-06T19:50:13.897Z] > git for-each-ref --sort -committerdate --format %(refname) %(objectname) %(*objectname) [74ms]
[2022-09-06T19:50:13.910Z] > git remote --verbose [20ms]
[2022-09-06T19:50:14.087Z] > git config --get commit.template [142ms]
[2022-09-06T19:50:15.129Z] > git check-ignore -v -z --stdin [61ms]
[2022-09-06T19:50:15.277Z] > git show --textconv :HelloWorld.cpp [65ms]
[2022-09-06T19:50:15.282Z] > git ls-files --stage -- /home/musaabdel19/Code/cpp/HelloWorld/HelloWorld.cpp [25ms]
[2022-09-06T19:50:29.945Z] > git status -z -uall [6ms]
[2022-09-06T19:50:29.963Z] > git symbolic-ref --short HEAD [5ms]
[2022-09-06T19:50:29.981Z] > git for-each-ref --format=%(refname)%00%(upstream:short)%00%(objectname)%00%(upstream:track)%00%(upstream:remotename)%00%(upstream:remoteref) refs/heads/master refs/remotes/master [5ms]
[2022-09-06T19:50:30.012Z] > git for-each-ref --sort -committerdate --format %(refname) %(objectname) %(*objectname) [18ms]
[2022-09-06T19:50:30.016Z] > git remote --verbose [8ms]
[2022-09-06T19:50:30.045Z] > git config --get commit.template [5ms]
[2022-09-06T19:50:35.083Z] > git status -z -uall [14ms]
[2022-09-06T19:50:35.103Z] > git symbolic-ref --short HEAD [5ms]
[2022-09-06T19:50:35.125Z] > git for-each-ref --format=%(refname)%00%(upstream:short)%00%(objectname)%00%(upstream:track)%00%(upstream:remotename)%00%(upstream:remoteref) refs/heads/master refs/remotes/master [5ms]
[2022-09-06T19:50:35.160Z] > git for-each-ref --sort -committerdate --format %(refname) %(objectname) %(*objectname) [19ms]
[2022-09-06T19:50:35.168Z] > git remote --verbose [12ms]
[2022-09-06T19:50:35.196Z] > git config --get commit.template [8ms]
[2022-09-06T19:50:57.835Z] > git check-ignore -v -z --stdin [5ms]
